Arguments: 
  /Users/zhaobo/.nvm/versions/node/v8.16.0/bin/node /Users/zhaobo/.nvm/versions/node/v8.16.0/bin/yarn

PATH: 
  /Users/zhaobo/.nvm/versions/node/v8.16.0/lib/node_modules/npm/node_modules/npm-lifecycle/node-gyp-bin:/Users/zhaobo/data/www/FE/mockelementui/mockelementui/node_modules/.bin:/Users/zhaobo/.nvm/versions/node/v8.16.0/bin:/usr/local/bin:/usr/bin:/bin:/usr/sbin:/sbin

Yarn version: 
  1.21.1

Node version: 
  8.16.0

Platform: 
  darwin x64

Trace: 
  Error: EINVAL: invalid argument, unlink '/Users/zhaobo/data/www/FE/mockelementui/mockelementui/node_modules/webpack/node_modules/enhanced-resolve'

npm manifest: 
  {
    "name": "mockelementui",
    "version": "1.0.0",
    "description": "",
    "main": "index.js",
    "scripts": {
      "test": "echo \"Error: no test specified\" && exit 1",
      "bootstrap": "yarn || cnpm i"
    },
    "dependencies": {
  
    },
    "devDependencies": {
      "webpack": "^2.7.0",
      "webpack-cli": "^3.0.8"
    },
    "repository": {
      "type": "git",
      "url": "git+https://github.com/shease/mockelementui.git"
    },
    "author": "zb",
    "license": "ISC",
    "bugs": {
      "url": "https://github.com/shease/mockelementui/issues"
    },
    "homepage": "https://github.com/shease/mockelementui#readme"
  }

yarn manifest: 
  No manifest

Lockfile: 
  No lockfile
